# JRE version: OpenJDK Runtime Environment (11.0+28) (build 11+28)
# Java VM: OpenJDK 64-Bit Server VM (11+28, mixed mode, tiered, compressed oops, g1 gc, windows-amd64)
Heap:
 garbage-first heap   total 155648K, used 28849K [0x0000000083800000, 0x0000000100000000)
  region size 1024K, 20 young (20480K), 5 survivors (5120K)
 Metaspace       used 19079K, capacity 19367K, committed 19712K, reserved 1067008K
  class space    used 1803K, capacity 1926K, committed 2048K, reserved 1048576K
GC Heap History (10 events):
Event: 2.263 GC heap before
{Heap before GC invocations=3 (full 0):
 garbage-first heap   total 129024K, used 71986K [0x0000000083800000, 0x0000000100000000)
  region size 1024K, 61 young (62464K), 2 survivors (2048K)
 Metaspace       used 15338K, capacity 15520K, committed 15616K, reserved 1062912K
  class space    used 1440K, capacity 1515K, committed 1536K, reserved 1048576K
}
Event: 2.266 GC heap after
{Heap after GC invocations=4 (full 0):
 garbage-first heap   total 129024K, used 12255K [0x0000000083800000, 0x0000000100000000)
  region size 1024K, 3 young (3072K), 3 survivors (3072K)
 Metaspace       used 15338K, capacity 15520K, committed 15616K, reserved 1062912K
  class space    used 1440K, capacity 1515K, committed 1536K, reserved 1048576K
}
Event: 2.482 GC heap before
{Heap before GC invocations=4 (full 0):
 garbage-first heap   total 129024K, used 79839K [0x0000000083800000, 0x0000000100000000)
  region size 1024K, 69 young (70656K), 3 survivors (3072K)
 Metaspace       used 15542K, capacity 15712K, committed 15872K, reserved 1062912K
  class space    used 1448K, capacity 1515K, committed 1536K, reserved 1048576K
}
Event: 2.486 GC heap after
{Heap after GC invocations=5 (full 0):
 garbage-first heap   total 129024K, used 12755K [0x0000000083800000, 0x0000000100000000)
  region size 1024K, 3 young (3072K), 3 survivors (3072K)
 Metaspace       used 15542K, capacity 15712K, committed 15872K, reserved 1062912K
  class space    used 1448K, capacity 1515K, committed 1536K, reserved 1048576K
}
Event: 2.650 GC heap before
{Heap before GC invocations=5 (full 0):
 garbage-first heap   total 129024K, used 86483K [0x0000000083800000, 0x0000000100000000)
  region size 1024K, 75 young (76800K), 3 survivors (3072K)
 Metaspace       used 15770K, capacity 15936K, committed 16256K, reserved 1064960K
  class space    used 1457K, capacity 1547K, committed 1664K, reserved 1048576K
}
Event: 2.655 GC heap after
{Heap after GC invocations=6 (full 0):
 garbage-first heap   total 129024K, used 13505K [0x0000000083800000, 0x0000000100000000)
  region size 1024K, 4 young (4096K), 4 survivors (4096K)
 Metaspace       used 15770K, capacity 15936K, committed 16256K, reserved 1064960K
  class space    used 1457K, capacity 1547K, committed 1664K, reserved 1048576K
}
Event: 2.822 GC heap before
{Heap before GC invocations=6 (full 0):
 garbage-first heap   total 129024K, used 86209K [0x0000000083800000, 0x0000000100000000)
  region size 1024K, 75 young (76800K), 4 survivors (4096K)
 Metaspace       used 15965K, capacity 16128K, committed 16256K, reserved 1064960K
  class space    used 1465K, capacity 1547K, committed 1664K, reserved 1048576K
}
Event: 2.827 GC heap after
{Heap after GC invocations=7 (full 0):
 garbage-first heap   total 129024K, used 14020K [0x0000000083800000, 0x0000000100000000)
  region size 1024K, 4 young (4096K), 4 survivors (4096K)
 Metaspace       used 15965K, capacity 16128K, committed 16256K, reserved 1064960K
  class space    used 1465K, capacity 1547K, committed 1664K, reserved 1048576K
}
Event: 2.943 GC heap before
{Heap before GC invocations=7 (full 0):
 garbage-first heap   total 129024K, used 86724K [0x0000000083800000, 0x0000000100000000)
  region size 1024K, 75 young (76800K), 4 survivors (4096K)
 Metaspace       used 16146K, capacity 16384K, committed 16512K, reserved 1064960K
  class space    used 1472K, capacity 1547K, committed 1664K, reserved 1048576K
}
Event: 2.949 GC heap after
{Heap after GC invocations=8 (full 0):
 garbage-first heap   total 155648K, used 14513K [0x0000000083800000, 0x0000000100000000)
  region size 1024K, 5 young (5120K), 5 survivors (5120K)
 Metaspace       used 16146K, capacity 16384K, committed 16512K, reserved 1064960K
  class space    used 1472K, capacity 1547K, committed 1664K, reserved 1048576K
}

