# JRE version: OpenJDK Runtime Environment (11.0+28) (build 11+28)
# Java VM: OpenJDK 64-Bit Server VM (11+28, mixed mode, tiered, compressed oops, g1 gc, windows-amd64)
Heap:
 garbage-first heap   total 270336K, used 131632K [0x0000000083800000, 0x0000000100000000)
  region size 1024K, 1 young (1024K), 1 survivors (1024K)
 Metaspace       used 47092K, capacity 48039K, committed 48304K, reserved 1091584K
  class space    used 5247K, capacity 5573K, committed 5632K, reserved 1048576K
GC Heap History (10 events):
Event: 15.985 GC heap after
{Heap after GC invocations=56 (full 0):
 garbage-first heap   total 187392K, used 149971K [0x0000000083800000, 0x0000000100000000)
  region size 1024K, 1 young (1024K), 1 survivors (1024K)
 Metaspace       used 47082K, capacity 48039K, committed 48304K, reserved 1091584K
  class space    used 5247K, capacity 5573K, committed 5632K, reserved 1048576K
}
Event: 16.030 GC heap before
{Heap before GC invocations=57 (full 0):
 garbage-first heap   total 187392K, used 127443K [0x0000000083800000, 0x0000000100000000)
  region size 1024K, 2 young (2048K), 1 survivors (1024K)
 Metaspace       used 47082K, capacity 48039K, committed 48304K, reserved 1091584K
  class space    used 5247K, capacity 5573K, committed 5632K, reserved 1048576K
}
Event: 16.032 GC heap after
{Heap after GC invocations=58 (full 0):
 garbage-first heap   total 225280K, used 127421K [0x0000000083800000, 0x0000000100000000)
  region size 1024K, 1 young (1024K), 1 survivors (1024K)
 Metaspace       used 47082K, capacity 48039K, committed 48304K, reserved 1091584K
  class space    used 5247K, capacity 5573K, committed 5632K, reserved 1048576K
}
Event: 16.150 GC heap before
{Heap before GC invocations=59 (full 0):
 garbage-first heap   total 225280K, used 121277K [0x0000000083800000, 0x0000000100000000)
  region size 1024K, 2 young (2048K), 1 survivors (1024K)
 Metaspace       used 47085K, capacity 48039K, committed 48304K, reserved 1091584K
  class space    used 5247K, capacity 5573K, committed 5632K, reserved 1048576K
}
Event: 16.151 GC heap after
{Heap after GC invocations=60 (full 0):
 garbage-first heap   total 225280K, used 121304K [0x0000000083800000, 0x0000000100000000)
  region size 1024K, 1 young (1024K), 1 survivors (1024K)
 Metaspace       used 47085K, capacity 48039K, committed 48304K, reserved 1091584K
  class space    used 5247K, capacity 5573K, committed 5632K, reserved 1048576K
}
Event: 16.217 GC heap before
{Heap before GC invocations=61 (full 0):
 garbage-first heap   total 225280K, used 123352K [0x0000000083800000, 0x0000000100000000)
  region size 1024K, 2 young (2048K), 1 survivors (1024K)
 Metaspace       used 47086K, capacity 48039K, committed 48304K, reserved 1091584K
  class space    used 5247K, capacity 5573K, committed 5632K, reserved 1048576K
}
Event: 16.218 GC heap after
{Heap after GC invocations=62 (full 0):
 garbage-first heap   total 225280K, used 123372K [0x0000000083800000, 0x0000000100000000)
  region size 1024K, 1 young (1024K), 1 survivors (1024K)
 Metaspace       used 47086K, capacity 48039K, committed 48304K, reserved 1091584K
  class space    used 5247K, capacity 5573K, committed 5632K, reserved 1048576K
}
Event: 16.290 GC heap before
{Heap before GC invocations=63 (full 0):
 garbage-first heap   total 225280K, used 130540K [0x0000000083800000, 0x0000000100000000)
  region size 1024K, 3 young (3072K), 1 survivors (1024K)
 Metaspace       used 47091K, capacity 48039K, committed 48304K, reserved 1091584K
  class space    used 5247K, capacity 5573K, committed 5632K, reserved 1048576K
}
Event: 16.291 GC heap after
{Heap after GC invocations=64 (full 0):
 garbage-first heap   total 225280K, used 129573K [0x0000000083800000, 0x0000000100000000)
  region size 1024K, 1 young (1024K), 1 survivors (1024K)
 Metaspace       used 47091K, capacity 48039K, committed 48304K, reserved 1091584K
  class space    used 5247K, capacity 5573K, committed 5632K, reserved 1048576K
}
Event: 16.399 GC heap before
{Heap before GC invocations=65 (full 0):
 garbage-first heap   total 225280K, used 132645K [0x0000000083800000, 0x0000000100000000)
  region size 1024K, 3 young (3072K), 1 survivors (1024K)
 Metaspace       used 47092K, capacity 48039K, committed 48304K, reserved 1091584K
  class space    used 5247K, capacity 5573K, committed 5632K, reserved 1048576K
}

