# JRE version: OpenJDK Runtime Environment (11.0+28) (build 11+28)
# Java VM: OpenJDK 64-Bit Server VM (11+28, mixed mode, tiered, compressed oops, g1 gc, windows-amd64)
Heap:
 garbage-first heap   total 155648K, used 41322K [0x0000000083800000, 0x0000000100000000)
  region size 1024K, 32 young (32768K), 6 survivors (6144K)
 Metaspace       used 25012K, capacity 25345K, committed 25520K, reserved 1073152K
  class space    used 2595K, capacity 2690K, committed 2816K, reserved 1048576K
GC Heap History (10 events):
Event: 1.958 GC heap before
{Heap before GC invocations=2 (full 0):
 garbage-first heap   total 129024K, used 82809K [0x0000000083800000, 0x0000000100000000)
  region size 1024K, 75 young (76800K), 5 survivors (5120K)
 Metaspace       used 16113K, capacity 16375K, committed 16640K, reserved 1064960K
  class space    used 1575K, capacity 1666K, committed 1792K, reserved 1048576K
}
Event: 1.965 GC heap after
{Heap after GC invocations=3 (full 0):
 garbage-first heap   total 129024K, used 12109K [0x0000000083800000, 0x0000000100000000)
  region size 1024K, 6 young (6144K), 6 survivors (6144K)
 Metaspace       used 16113K, capacity 16375K, committed 16640K, reserved 1064960K
  class space    used 1575K, capacity 1666K, committed 1792K, reserved 1048576K
}
Event: 2.087 GC heap before
{Heap before GC invocations=3 (full 0):
 garbage-first heap   total 129024K, used 82765K [0x0000000083800000, 0x0000000100000000)
  region size 1024K, 75 young (76800K), 6 survivors (6144K)
 Metaspace       used 16362K, capacity 16631K, committed 16896K, reserved 1064960K
  class space    used 1585K, capacity 1666K, committed 1792K, reserved 1048576K
}
Event: 2.096 GC heap after
{Heap after GC invocations=4 (full 0):
 garbage-first heap   total 129024K, used 13144K [0x0000000083800000, 0x0000000100000000)
  region size 1024K, 4 young (4096K), 4 survivors (4096K)
 Metaspace       used 16362K, capacity 16631K, committed 16896K, reserved 1064960K
  class space    used 1585K, capacity 1666K, committed 1792K, reserved 1048576K
}
Event: 2.212 GC heap before
{Heap before GC invocations=4 (full 0):
 garbage-first heap   total 129024K, used 85848K [0x0000000083800000, 0x0000000100000000)
  region size 1024K, 75 young (76800K), 4 survivors (4096K)
 Metaspace       used 16534K, capacity 16823K, committed 17152K, reserved 1064960K
  class space    used 1591K, capacity 1666K, committed 1792K, reserved 1048576K
}
Event: 2.217 GC heap after
{Heap after GC invocations=5 (full 0):
 garbage-first heap   total 155648K, used 13516K [0x0000000083800000, 0x0000000100000000)
  region size 1024K, 4 young (4096K), 4 survivors (4096K)
 Metaspace       used 16534K, capacity 16823K, committed 17152K, reserved 1064960K
  class space    used 1591K, capacity 1666K, committed 1792K, reserved 1048576K
}
Event: 2.387 GC heap before
{Heap before GC invocations=5 (full 0):
 garbage-first heap   total 155648K, used 101580K [0x0000000083800000, 0x0000000100000000)
  region size 1024K, 90 young (92160K), 4 survivors (4096K)
 Metaspace       used 16813K, capacity 17111K, committed 17408K, reserved 1064960K
  class space    used 1604K, capacity 1698K, committed 1792K, reserved 1048576K
}
Event: 2.392 GC heap after
{Heap after GC invocations=6 (full 0):
 garbage-first heap   total 155648K, used 14383K [0x0000000083800000, 0x0000000100000000)
  region size 1024K, 5 young (5120K), 5 survivors (5120K)
 Metaspace       used 16813K, capacity 17111K, committed 17408K, reserved 1064960K
  class space    used 1604K, capacity 1698K, committed 1792K, reserved 1048576K
}
Event: 3.204 GC heap before
{Heap before GC invocations=6 (full 0):
 garbage-first heap   total 155648K, used 80943K [0x0000000083800000, 0x0000000100000000)
  region size 1024K, 71 young (72704K), 5 survivors (5120K)
 Metaspace       used 20986K, capacity 21187K, committed 21296K, reserved 1069056K
  class space    used 2050K, capacity 2118K, committed 2176K, reserved 1048576K
}
Event: 3.213 GC heap after
{Heap after GC invocations=7 (full 0):
 garbage-first heap   total 155648K, used 15722K [0x0000000083800000, 0x0000000100000000)
  region size 1024K, 6 young (6144K), 6 survivors (6144K)
 Metaspace       used 20986K, capacity 21187K, committed 21296K, reserved 1069056K
  class space    used 2050K, capacity 2118K, committed 2176K, reserved 1048576K
}

